<?xml version="1.0" encoding="UTF-8"?>
<robot generator="Robot 4.1.3 (Python 3.10.2 on win32)" generated="20220320 18:58:41.919" rpa="false" schemaversion="2">
<suite id="s1" name="Search" source="C:\Users\not\Desktop\PHATESTS\tests\features\search.robot">
<test id="s1-t1" name="Caso de teste 01: Pesquisar produto existente">
<kw name="Abrir navegador" library="hooks" type="SETUP">
<kw name="Open Browser" library="SeleniumLibrary">
<arg>about:blank</arg>
<arg>${CONFIG.BROWSER_NAME}</arg>
<doc>Opens a new browser instance to the optional ``url``.</doc>
<msg timestamp="20220320 18:58:43.112" level="INFO">Opening browser 'chrome' to base url 'about:blank'.</msg>
<status status="PASS" starttime="20220320 18:58:43.110" endtime="20220320 18:58:46.551"/>
</kw>
<kw name="Set Browser Implicit Wait" library="SeleniumLibrary">
<arg>${CONFIG.IMPLICT_WAIT}</arg>
<doc>Sets the implicit wait value used by Selenium.</doc>
<status status="PASS" starttime="20220320 18:58:46.551" endtime="20220320 18:58:46.555"/>
</kw>
<kw name="Go To" library="SeleniumLibrary">
<arg>${CONFIG.URL}</arg>
<doc>Navigates the current browser window to the provided ``url``.</doc>
<msg timestamp="20220320 18:58:46.556" level="INFO">Opening url 'http://automationpractice.com/index.php'</msg>
<status status="PASS" starttime="20220320 18:58:46.555" endtime="20220320 18:58:52.966"/>
</kw>
<kw name="Maximize Browser Window" library="SeleniumLibrary">
<doc>Maximizes current browser window.</doc>
<status status="PASS" starttime="20220320 18:58:52.966" endtime="20220320 18:58:53.117"/>
</kw>
<status status="PASS" starttime="20220320 18:58:43.110" endtime="20220320 18:58:53.118"/>
</kw>
<kw name="Acessar a página home do site Automation Practice" library="kws_search">
<kw name="Title Should Be" library="SeleniumLibrary">
<arg>${HOME_PAGE.title}</arg>
<doc>Verifies that the current page title equals ``title``.</doc>
<msg timestamp="20220320 18:58:53.172" level="INFO">Page title is 'My Store'.</msg>
<status status="PASS" starttime="20220320 18:58:53.120" endtime="20220320 18:58:53.172"/>
</kw>
<kw name="Wait Until Element Is Visible" library="SeleniumLibrary">
<arg>${HOME_PAGE.input_busca}</arg>
<arg>10</arg>
<doc>Waits until the element ``locator`` is visible.</doc>
<status status="PASS" starttime="20220320 18:58:53.172" endtime="20220320 18:58:53.238"/>
</kw>
<status status="PASS" starttime="20220320 18:58:53.119" endtime="20220320 18:58:53.238"/>
</kw>
<kw name="Digitar o nome do produto &quot;Blouse&quot; no campo de pesquisa" library="kws_search" sourcename="Digitar o nome do produto &quot;${PRODUTO}&quot; no campo de pesquisa">
<kw name="Input Text" library="SeleniumLibrary">
<arg>${HOME_PAGE.input_busca}</arg>
<arg>${PRODUTO}</arg>
<doc>Types the given ``text`` into the text field identified by ``locator``.</doc>
<msg timestamp="20220320 18:58:53.241" level="INFO">Typing text 'Blouse' into text field 'id=search_query_top'.</msg>
<status status="PASS" starttime="20220320 18:58:53.240" endtime="20220320 18:58:53.418"/>
</kw>
<kw name="Wait Until Element Is Visible" library="SeleniumLibrary">
<arg>${HOME_PAGE.btn_buscar}</arg>
<doc>Waits until the element ``locator`` is visible.</doc>
<status status="PASS" starttime="20220320 18:58:53.418" endtime="20220320 18:58:53.452"/>
</kw>
<status status="PASS" starttime="20220320 18:58:53.239" endtime="20220320 18:58:53.452"/>
</kw>
<kw name="Clicar no botão Pesquisar" library="kws_search">
<kw name="Wait Until Element Is Visible" library="SeleniumLibrary">
<arg>${HOME_PAGE.btn_buscar}</arg>
<doc>Waits until the element ``locator`` is visible.</doc>
<status status="PASS" starttime="20220320 18:58:53.454" endtime="20220320 18:58:53.476"/>
</kw>
<kw name="Click Element" library="SeleniumLibrary">
<arg>${HOME_PAGE.btn_buscar}</arg>
<doc>Click the element identified by ``locator``.</doc>
<msg timestamp="20220320 18:58:53.478" level="INFO">Clicking element ' xpath=//*[@class= "btn btn-default button-search"]'.</msg>
<status status="PASS" starttime="20220320 18:58:53.476" endtime="20220320 18:58:55.840"/>
</kw>
<kw name="Wait Until Element Is Visible" library="SeleniumLibrary">
<arg>id=center_column</arg>
<doc>Waits until the element ``locator`` is visible.</doc>
<status status="PASS" starttime="20220320 18:58:55.840" endtime="20220320 18:58:55.868"/>
</kw>
<kw name="Title Should Be" library="SeleniumLibrary">
<arg>${PROUCT_PAGE.title_search}</arg>
<doc>Verifies that the current page title equals ``title``.</doc>
<msg timestamp="20220320 18:58:55.872" level="INFO">Page title is 'Search - My Store'.</msg>
<status status="PASS" starttime="20220320 18:58:55.868" endtime="20220320 18:58:55.873"/>
</kw>
<status status="PASS" starttime="20220320 18:58:53.453" endtime="20220320 18:58:55.873"/>
</kw>
<kw name="Conferir se o produto foi listado no site" library="kws_search">
<kw name="Wait Until Element Is Visible" library="SeleniumLibrary">
<arg>${PROUCT_PAGE.img_blouse}</arg>
<doc>Waits until the element ``locator`` is visible.</doc>
<status status="PASS" starttime="20220320 18:58:55.874" endtime="20220320 18:58:55.898"/>
</kw>
<kw name="Page Should Contain Image" library="SeleniumLibrary">
<arg>${PROUCT_PAGE.img_blouse}</arg>
<doc>Verifies image identified by ``locator`` is found from current page.</doc>
<msg timestamp="20220320 18:58:55.913" level="INFO">Current page contains image 'xpath=//*[@id='center_column']//*[@src='http://automationpractice.com/img/p/7/7-home_default.jpg']'.</msg>
<status status="PASS" starttime="20220320 18:58:55.899" endtime="20220320 18:58:55.913"/>
</kw>
<kw name="Capture Page Screenshot" library="SeleniumLibrary">
<doc>Takes a screenshot of the current page and embeds it into a log file.</doc>
<msg timestamp="20220320 18:58:56.212" level="INFO" html="true">&lt;/td&gt;&lt;/tr&gt;&lt;tr&gt;&lt;td colspan="3"&gt;&lt;a href="selenium-screenshot-28.png"&gt;&lt;img src="selenium-screenshot-28.png" width="800px"&gt;&lt;/a&gt;</msg>
<status status="PASS" starttime="20220320 18:58:55.913" endtime="20220320 18:58:56.213"/>
</kw>
<status status="PASS" starttime="20220320 18:58:55.873" endtime="20220320 18:58:56.213"/>
</kw>
<kw name="Fechar navegador" library="hooks" type="TEARDOWN">
<kw name="Capture Page Screenshot" library="SeleniumLibrary">
<doc>Takes a screenshot of the current page and embeds it into a log file.</doc>
<msg timestamp="20220320 18:58:56.375" level="INFO" html="true">&lt;/td&gt;&lt;/tr&gt;&lt;tr&gt;&lt;td colspan="3"&gt;&lt;a href="selenium-screenshot-29.png"&gt;&lt;img src="selenium-screenshot-29.png" width="800px"&gt;&lt;/a&gt;</msg>
<status status="PASS" starttime="20220320 18:58:56.215" endtime="20220320 18:58:56.375"/>
</kw>
<kw name="Close Browser" library="SeleniumLibrary">
<doc>Closes the current browser.</doc>
<status status="PASS" starttime="20220320 18:58:56.375" endtime="20220320 18:58:58.974"/>
</kw>
<status status="PASS" starttime="20220320 18:58:56.214" endtime="20220320 18:58:58.974"/>
</kw>
<tag>Pesquisa</tag>
<status status="PASS" starttime="20220320 18:58:43.108" endtime="20220320 18:58:58.975"/>
</test>
<doc>Aqui neste arquivo estão presentes todos
os testes automatizados com suas keywords referentes a pesquisa.</doc>
<status status="PASS" starttime="20220320 18:58:41.922" endtime="20220320 18:58:58.977"/>
</suite>
<statistics>
<total>
<stat pass="1" fail="0" skip="0">All Tests</stat>
</total>
<tag>
<stat pass="1" fail="0" skip="0">Pesquisa</stat>
</tag>
<suite>
<stat pass="1" fail="0" skip="0" id="s1" name="Search">Search</stat>
</suite>
</statistics>
<errors>
</errors>
</robot>
